I, [2012-06-02T22:56:14.084941 #12523]  INFO -- : Starting ... >>> Sat Jun 02 22:56:14 -0400 2012
I, [2012-06-02T22:56:50.601909 #12571]  INFO -- : Starting ... >>> Sat Jun 02 22:56:50 -0400 2012
I, [2012-06-02T22:56:50.602119 #12571]  INFO -- : ![Visitor tracking](/images/visitors.jpg)
# Welcome to our new website
If you are a returning visit to our site, you will see many changes.

The first change you will see is a new layout that is a result of the move to Ramaze language.

If you are not familiar with Ramaze, you can find more information at [Ramaze web site](http://ramaze.net).

Another change that you will discover is the use of Google docs spreadsheets to store the results of the weekly production analysis.

The Google spreadsheets provide more capabilities including visitor mapping and additional pivot analysis.

Here is a sample map that is available with the Google tool.

![Sample world map](/images/world_map.jpg)

...

I, [2012-06-02T23:09:01.223644 #12737]  INFO -- : Starting ... >>> Sat Jun 02 23:09:01 -0400 2012
I, [2012-06-02T23:09:01.223875 #12737]  INFO -- : ![Visitor tracking](/images/visitors.jpg)
# Welcome to our new website
If you are a returning visit to our site, you will see many changes.

The first change you will see is a new layout that is a result of the move to Ramaze language.

If you are not familiar with Ramaze, you can find more information at [Ramaze web site](http://ramaze.net).

Another change that you will discover is the use of Google docs spreadsheets to store the results of the weekly production analysis.

The Google spreadsheets provide more capabilities including visitor mapping and additional pivot analysis.

Here is a sample map that is available with the Google tool.

![Sample world map](/images/world_map.jpg)

...

I, [2012-06-02T23:09:08.162443 #12737]  INFO -- : ![Visitor tracking](/images/visitors.jpg)
# L'accueil à notre nouveau site
Si vous vous êtes un regagnais visitez à notre site, vous voulez voir de nombreux altérais.

Premiere changement vous voulez voir c'est une nouveau mise en page que c'est une suite du déménager à Ramaze la langue.

Si vous vous êtes pas familier avec Ramaze, tu peux trouver davantage renseignements sur [Ramaze web site](http://ramaze.net).

Un autre changement que vous voulez de découvrir faut la utilisez de Google docs spreadsheets à magasin la résultats du chaque semaine production l'analyse.

La Google spreadsheets fournir des davantage capacités compris visiteur mapping et d'autres pivot l'analyse.

Voici c'est une l'échantillon la carte que faut disponibles avec la Google outil.

![Sample monde map](/images/world_map.jpg)

...

I, [2012-06-02T23:09:08.162606 #12737]  INFO -- : Ending ... >>> Sat Jun 02 23:09:08 -0400 2012
